Performing C SOURCE FILE Test CMAKE_HAVE_LIBC_PTHREAD failed with the following output:
Change Dir: /home/fabrizio/dev/CppND-Route-Planning-Project/src/CMakeFiles/CMakeTmp

Run Build Command(s):/usr/bin/make cmTC_0f073/fast && /usr/bin/make -f CMakeFiles/cmTC_0f073.dir/build.make CMakeFiles/cmTC_0f073.dir/build
make[1]: ingresso nella directory "/home/fabrizio/dev/CppND-Route-Planning-Project/src/CMakeFiles/CMakeTmp"
Building C object CMakeFiles/cmTC_0f073.dir/src.c.o
/usr/bin/cc   -DCMAKE_HAVE_LIBC_PTHREAD   -o CMakeFiles/cmTC_0f073.dir/src.c.o   -c /home/fabrizio/dev/CppND-Route-Planning-Project/src/CMakeFiles/CMakeTmp/src.c
Linking C executable cmTC_0f073
/usr/local/bin/cmake -E cmake_link_script CMakeFiles/cmTC_0f073.dir/link.txt --verbose=1
/usr/bin/cc  -DCMAKE_HAVE_LIBC_PTHREAD    -rdynamic CMakeFiles/cmTC_0f073.dir/src.c.o  -o cmTC_0f073 
CMakeFiles/cmTC_0f073.dir/src.c.o: nella funzione "main":
src.c:(.text+0x3e): riferimento non definito a "pthread_create"
src.c:(.text+0x4a): riferimento non definito a "pthread_detach"
src.c:(.text+0x5b): riferimento non definito a "pthread_join"
src.c:(.text+0x6f): riferimento non definito a "pthread_atfork"
collect2: error: ld returned 1 exit status
CMakeFiles/cmTC_0f073.dir/build.make:86: recipe for target 'cmTC_0f073' failed
make[1]: *** [cmTC_0f073] Error 1
make[1]: uscita dalla directory "/home/fabrizio/dev/CppND-Route-Planning-Project/src/CMakeFiles/CMakeTmp"
Makefile:121: recipe for target 'cmTC_0f073/fast' failed
make: *** [cmTC_0f073/fast] Error 2


Source file was:
#include <pthread.h>

void* test_func(void* data)
{
  return data;
}

int main(void)
{
  pthread_t thread;
  pthread_create(&thread, NULL, test_func, NULL);
  pthread_detach(thread);
  pthread_join(thread, NULL);
  pthread_atfork(NULL, NULL, NULL);
  pthread_exit(NULL);

  return 0;
}

Determining if the function pthread_create exists in the pthreads failed with the following output:
Change Dir: /home/fabrizio/dev/CppND-Route-Planning-Project/src/CMakeFiles/CMakeTmp

Run Build Command(s):/usr/bin/make cmTC_71890/fast && /usr/bin/make -f CMakeFiles/cmTC_71890.dir/build.make CMakeFiles/cmTC_71890.dir/build
make[1]: ingresso nella directory "/home/fabrizio/dev/CppND-Route-Planning-Project/src/CMakeFiles/CMakeTmp"
Building C object CMakeFiles/cmTC_71890.dir/CheckFunctionExists.c.o
/usr/bin/cc   -DCHECK_FUNCTION_EXISTS=pthread_create   -o CMakeFiles/cmTC_71890.dir/CheckFunctionExists.c.o   -c /usr/local/share/cmake-3.15/Modules/CheckFunctionExists.c
Linking C executable cmTC_71890
/usr/local/bin/cmake -E cmake_link_script CMakeFiles/cmTC_71890.dir/link.txt --verbose=1
/usr/bin/cc  -DCHECK_FUNCTION_EXISTS=pthread_create    -rdynamic CMakeFiles/cmTC_71890.dir/CheckFunctionExists.c.o  -o cmTC_71890 -lpthreads 
/usr/bin/ld: impossibile trovare -lpthreads
collect2: error: ld returned 1 exit status
CMakeFiles/cmTC_71890.dir/build.make:86: recipe for target 'cmTC_71890' failed
make[1]: *** [cmTC_71890] Error 1
make[1]: uscita dalla directory "/home/fabrizio/dev/CppND-Route-Planning-Project/src/CMakeFiles/CMakeTmp"
Makefile:121: recipe for target 'cmTC_71890/fast' failed
make: *** [cmTC_71890/fast] Error 2



