Performing C SOURCE FILE Test CMAKE_HAVE_LIBC_PTHREAD failed with the following output:
Change Dir: /home/fabrizio/dev/CppND-Route-Planning-Project/build/CMakeFiles/CMakeTmp

Run Build Command(s):/usr/bin/make cmTC_05ecf/fast && /usr/bin/make -f CMakeFiles/cmTC_05ecf.dir/build.make CMakeFiles/cmTC_05ecf.dir/build
make[1]: ingresso nella directory "/home/fabrizio/dev/CppND-Route-Planning-Project/build/CMakeFiles/CMakeTmp"
Building C object CMakeFiles/cmTC_05ecf.dir/src.c.o
/usr/bin/cc   -DCMAKE_HAVE_LIBC_PTHREAD   -o CMakeFiles/cmTC_05ecf.dir/src.c.o   -c /home/fabrizio/dev/CppND-Route-Planning-Project/build/CMakeFiles/CMakeTmp/src.c
Linking C executable cmTC_05ecf
/usr/local/bin/cmake -E cmake_link_script CMakeFiles/cmTC_05ecf.dir/link.txt --verbose=1
/usr/bin/cc  -DCMAKE_HAVE_LIBC_PTHREAD    -rdynamic CMakeFiles/cmTC_05ecf.dir/src.c.o  -o cmTC_05ecf 
CMakeFiles/cmTC_05ecf.dir/src.c.o: nella funzione "main":
src.c:(.text+0x3e): riferimento non definito a "pthread_create"
src.c:(.text+0x4a): riferimento non definito a "pthread_detach"
src.c:(.text+0x5b): riferimento non definito a "pthread_join"
src.c:(.text+0x6f): riferimento non definito a "pthread_atfork"
collect2: error: ld returned 1 exit status
CMakeFiles/cmTC_05ecf.dir/build.make:86: recipe for target 'cmTC_05ecf' failed
make[1]: *** [cmTC_05ecf] Error 1
make[1]: uscita dalla directory "/home/fabrizio/dev/CppND-Route-Planning-Project/build/CMakeFiles/CMakeTmp"
Makefile:121: recipe for target 'cmTC_05ecf/fast' failed
make: *** [cmTC_05ecf/fast] Error 2


Source file was:
#include <pthread.h>

void* test_func(void* data)
{
  return data;
}

int main(void)
{
  pthread_t thread;
  pthread_create(&thread, NULL, test_func, NULL);
  pthread_detach(thread);
  pthread_join(thread, NULL);
  pthread_atfork(NULL, NULL, NULL);
  pthread_exit(NULL);

  return 0;
}

Determining if the function pthread_create exists in the pthreads failed with the following output:
Change Dir: /home/fabrizio/dev/CppND-Route-Planning-Project/build/CMakeFiles/CMakeTmp

Run Build Command(s):/usr/bin/make cmTC_f8aed/fast && /usr/bin/make -f CMakeFiles/cmTC_f8aed.dir/build.make CMakeFiles/cmTC_f8aed.dir/build
make[1]: ingresso nella directory "/home/fabrizio/dev/CppND-Route-Planning-Project/build/CMakeFiles/CMakeTmp"
Building C object CMakeFiles/cmTC_f8aed.dir/CheckFunctionExists.c.o
/usr/bin/cc   -DCHECK_FUNCTION_EXISTS=pthread_create   -o CMakeFiles/cmTC_f8aed.dir/CheckFunctionExists.c.o   -c /usr/local/share/cmake-3.15/Modules/CheckFunctionExists.c
Linking C executable cmTC_f8aed
/usr/local/bin/cmake -E cmake_link_script CMakeFiles/cmTC_f8aed.dir/link.txt --verbose=1
/usr/bin/cc  -DCHECK_FUNCTION_EXISTS=pthread_create    -rdynamic CMakeFiles/cmTC_f8aed.dir/CheckFunctionExists.c.o  -o cmTC_f8aed -lpthreads 
/usr/bin/ld: impossibile trovare -lpthreads
collect2: error: ld returned 1 exit status
CMakeFiles/cmTC_f8aed.dir/build.make:86: recipe for target 'cmTC_f8aed' failed
make[1]: *** [cmTC_f8aed] Error 1
make[1]: uscita dalla directory "/home/fabrizio/dev/CppND-Route-Planning-Project/build/CMakeFiles/CMakeTmp"
Makefile:121: recipe for target 'cmTC_f8aed/fast' failed
make: *** [cmTC_f8aed/fast] Error 2



Performing C SOURCE FILE Test CMAKE_HAVE_LIBC_PTHREAD failed with the following output:
Change Dir: /home/fabrizio/dev/RoutePlannerProject/build/CMakeFiles/CMakeTmp

Run Build Command(s):/usr/bin/make cmTC_860e0/fast && /usr/bin/make -f CMakeFiles/cmTC_860e0.dir/build.make CMakeFiles/cmTC_860e0.dir/build
make[1]: ingresso nella directory "/home/fabrizio/dev/RoutePlannerProject/build/CMakeFiles/CMakeTmp"
Building C object CMakeFiles/cmTC_860e0.dir/src.c.o
/usr/bin/cc   -DCMAKE_HAVE_LIBC_PTHREAD   -o CMakeFiles/cmTC_860e0.dir/src.c.o   -c /home/fabrizio/dev/RoutePlannerProject/build/CMakeFiles/CMakeTmp/src.c
Linking C executable cmTC_860e0
/usr/local/bin/cmake -E cmake_link_script CMakeFiles/cmTC_860e0.dir/link.txt --verbose=1
/usr/bin/cc  -DCMAKE_HAVE_LIBC_PTHREAD    -rdynamic CMakeFiles/cmTC_860e0.dir/src.c.o  -o cmTC_860e0 
CMakeFiles/cmTC_860e0.dir/src.c.o: nella funzione "main":
src.c:(.text+0x3e): riferimento non definito a "pthread_create"
src.c:(.text+0x4a): riferimento non definito a "pthread_detach"
src.c:(.text+0x5b): riferimento non definito a "pthread_join"
src.c:(.text+0x6f): riferimento non definito a "pthread_atfork"
collect2: error: ld returned 1 exit status
CMakeFiles/cmTC_860e0.dir/build.make:86: recipe for target 'cmTC_860e0' failed
make[1]: *** [cmTC_860e0] Error 1
make[1]: uscita dalla directory "/home/fabrizio/dev/RoutePlannerProject/build/CMakeFiles/CMakeTmp"
Makefile:121: recipe for target 'cmTC_860e0/fast' failed
make: *** [cmTC_860e0/fast] Error 2


Source file was:
#include <pthread.h>

void* test_func(void* data)
{
  return data;
}

int main(void)
{
  pthread_t thread;
  pthread_create(&thread, NULL, test_func, NULL);
  pthread_detach(thread);
  pthread_join(thread, NULL);
  pthread_atfork(NULL, NULL, NULL);
  pthread_exit(NULL);

  return 0;
}

Determining if the function pthread_create exists in the pthreads failed with the following output:
Change Dir: /home/fabrizio/dev/RoutePlannerProject/build/CMakeFiles/CMakeTmp

Run Build Command(s):/usr/bin/make cmTC_80652/fast && /usr/bin/make -f CMakeFiles/cmTC_80652.dir/build.make CMakeFiles/cmTC_80652.dir/build
make[1]: ingresso nella directory "/home/fabrizio/dev/RoutePlannerProject/build/CMakeFiles/CMakeTmp"
Building C object CMakeFiles/cmTC_80652.dir/CheckFunctionExists.c.o
/usr/bin/cc   -DCHECK_FUNCTION_EXISTS=pthread_create   -o CMakeFiles/cmTC_80652.dir/CheckFunctionExists.c.o   -c /usr/local/share/cmake-3.15/Modules/CheckFunctionExists.c
Linking C executable cmTC_80652
/usr/local/bin/cmake -E cmake_link_script CMakeFiles/cmTC_80652.dir/link.txt --verbose=1
/usr/bin/cc  -DCHECK_FUNCTION_EXISTS=pthread_create    -rdynamic CMakeFiles/cmTC_80652.dir/CheckFunctionExists.c.o  -o cmTC_80652 -lpthreads 
/usr/bin/ld: impossibile trovare -lpthreads
collect2: error: ld returned 1 exit status
CMakeFiles/cmTC_80652.dir/build.make:86: recipe for target 'cmTC_80652' failed
make[1]: *** [cmTC_80652] Error 1
make[1]: uscita dalla directory "/home/fabrizio/dev/RoutePlannerProject/build/CMakeFiles/CMakeTmp"
Makefile:121: recipe for target 'cmTC_80652/fast' failed
make: *** [cmTC_80652/fast] Error 2



